<?xml version="1.0" encoding="UTF-8"?>
<testng-results ignored="0" total="1" passed="1" failed="0" skipped="0">
  <reporter-output>
  </reporter-output>
  <suite started-at="2024-07-02T15:48:39 IST" name="Default suite" finished-at="2024-07-02T15:48:52 IST" duration-ms="12980">
    <groups>
    </groups>
    <test started-at="2024-07-02T15:48:39 IST" name="Default test" finished-at="2024-07-02T15:48:52 IST" duration-ms="12980">
      <class name="maven.maven.AppTest">
        <test-method signature="shouldAnswerWithTrue()[pri:0, instance:maven.maven.AppTest@10d307f1]" started-at="2024-07-02T15:48:39 IST" name="shouldAnswerWithTrue" finished-at="2024-07-02T15:48:52 IST" duration-ms="12947" status="PASS">
          <reporter-output>
          </reporter-output>
        </test-method> <!-- shouldAnswerWithTrue -->
      </class> <!-- maven.maven.AppTest -->
    </test> <!-- Default test -->
  </suite> <!-- Default suite -->
</testng-results>
